Processing install.py
 
No config file found, using default configuration


Report
======
302 statements analysed.

Raw metrics
-----------

+----------+-------+------+---------+-----------+
|type      |number |%     |previous |difference |
+==========+=======+======+=========+===========+
|code      |333    |56.44 |333      |=          |
+----------+-------+------+---------+-----------+
|docstring |159    |26.95 |159      |=          |
+----------+-------+------+---------+-----------+
|comment   |60     |10.17 |60       |=          |
+----------+-------+------+---------+-----------+
|empty     |38     |6.44  |38       |=          |
+----------+-------+------+---------+-----------+



Messages by category
--------------------

+-----------+-------+---------+-----------+
|type       |number |previous |difference |
+===========+=======+=========+===========+
|convention |0      |0        |=          |
+-----------+-------+---------+-----------+
|refactor   |0      |0        |=          |
+-----------+-------+---------+-----------+
|warning    |0      |0        |=          |
+-----------+-------+---------+-----------+
|error      |0      |0        |=          |
+-----------+-------+---------+-----------+



Global evaluation
-----------------
Your code has been rated at 10.00/10 (previous run: 10.00/10, +0.00)

Duplication
-----------

+-------------------------+------+---------+-----------+
|                         |now   |previous |difference |
+=========================+======+=========+===========+
|nb duplicated lines      |0     |0        |=          |
+-------------------------+------+---------+-----------+
|percent duplicated lines |0.000 |0.000    |=          |
+-------------------------+------+---------+-----------+



Statistics by type
------------------

+---------+-------+-----------+-----------+------------+---------+
|type     |number |old number |difference |%documented |%badname |
+=========+=======+===========+===========+============+=========+
|module   |1      |1          |=          |100.00      |0.00     |
+---------+-------+-----------+-----------+------------+---------+
|class    |0      |0          |=          |0           |0        |
+---------+-------+-----------+-----------+------------+---------+
|method   |0      |0          |=          |0           |0        |
+---------+-------+-----------+-----------+------------+---------+
|function |14     |14         |=          |100.00      |0.00     |
+---------+-------+-----------+-----------+------------+---------+



 
 
Processing git-hook.py
 
No config file found, using default configuration
************* Module git-hook
C:  1, 0: Invalid module name "git-hook" (invalid-name)
R:180, 0: Too many local variables (17/15) (too-many-locals)
R:180, 0: Too many branches (21/12) (too-many-branches)
R:180, 0: Too many statements (58/50) (too-many-statements)


Report
======
147 statements analysed.

Raw metrics
-----------

+----------+-------+------+---------+-----------+
|type      |number |%     |previous |difference |
+==========+=======+======+=========+===========+
|code      |164    |60.07 |164      |=          |
+----------+-------+------+---------+-----------+
|docstring |60     |21.98 |60       |=          |
+----------+-------+------+---------+-----------+
|comment   |30     |10.99 |30       |=          |
+----------+-------+------+---------+-----------+
|empty     |19     |6.96  |19       |=          |
+----------+-------+------+---------+-----------+



Messages by category
--------------------

+-----------+-------+---------+-----------+
|type       |number |previous |difference |
+===========+=======+=========+===========+
|convention |1      |1        |=          |
+-----------+-------+---------+-----------+
|refactor   |3      |3        |=          |
+-----------+-------+---------+-----------+
|warning    |0      |0        |=          |
+-----------+-------+---------+-----------+
|error      |0      |0        |=          |
+-----------+-------+---------+-----------+



Messages
--------

+--------------------+------------+
|message id          |occurrences |
+====================+============+
|too-many-statements |1           |
+--------------------+------------+
|too-many-locals     |1           |
+--------------------+------------+
|too-many-branches   |1           |
+--------------------+------------+
|invalid-name        |1           |
+--------------------+------------+



Global evaluation
-----------------
Your code has been rated at 9.73/10 (previous run: 9.73/10, +0.00)

Duplication
-----------

+-------------------------+------+---------+-----------+
|                         |now   |previous |difference |
+=========================+======+=========+===========+
|nb duplicated lines      |0     |0        |=          |
+-------------------------+------+---------+-----------+
|percent duplicated lines |0.000 |0.000    |=          |
+-------------------------+------+---------+-----------+



Statistics by type
------------------

+---------+-------+-----------+-----------+------------+---------+
|type     |number |old number |difference |%documented |%badname |
+=========+=======+===========+===========+============+=========+
|module   |1      |1          |=          |100.00      |100.00   |
+---------+-------+-----------+-----------+------------+---------+
|class    |0      |0          |=          |0           |0        |
+---------+-------+-----------+-----------+------------+---------+
|method   |0      |0          |=          |0           |0        |
+---------+-------+-----------+-----------+------------+---------+
|function |5      |5          |=          |100.00      |0.00     |
+---------+-------+-----------+-----------+------------+---------+



 
 
Processing rcs-filter-clean.py
 
No config file found, using default configuration
************* Module rcs-filter-clean
C:  1, 0: Invalid module name "rcs-filter-clean" (invalid-name)
R:178, 0: Too many local variables (25/15) (too-many-locals)
R:178, 0: Too many statements (63/50) (too-many-statements)


Report
======
150 statements analysed.

Raw metrics
-----------

+----------+-------+------+---------+-----------+
|type      |number |%     |previous |difference |
+==========+=======+======+=========+===========+
|code      |164    |60.97 |164      |=          |
+----------+-------+------+---------+-----------+
|docstring |56     |20.82 |56       |=          |
+----------+-------+------+---------+-----------+
|comment   |32     |11.90 |32       |=          |
+----------+-------+------+---------+-----------+
|empty     |17     |6.32  |17       |=          |
+----------+-------+------+---------+-----------+



Messages by category
--------------------

+-----------+-------+---------+-----------+
|type       |number |previous |difference |
+===========+=======+=========+===========+
|convention |1      |1        |=          |
+-----------+-------+---------+-----------+
|refactor   |2      |2        |=          |
+-----------+-------+---------+-----------+
|warning    |0      |0        |=          |
+-----------+-------+---------+-----------+
|error      |0      |0        |=          |
+-----------+-------+---------+-----------+



Messages
--------

+--------------------+------------+
|message id          |occurrences |
+====================+============+
|too-many-statements |1           |
+--------------------+------------+
|too-many-locals     |1           |
+--------------------+------------+
|invalid-name        |1           |
+--------------------+------------+



Global evaluation
-----------------
Your code has been rated at 9.80/10 (previous run: 9.80/10, +0.00)

Duplication
-----------

+-------------------------+------+---------+-----------+
|                         |now   |previous |difference |
+=========================+======+=========+===========+
|nb duplicated lines      |0     |0        |=          |
+-------------------------+------+---------+-----------+
|percent duplicated lines |0.000 |0.000    |=          |
+-------------------------+------+---------+-----------+



Statistics by type
------------------

+---------+-------+-----------+-----------+------------+---------+
|type     |number |old number |difference |%documented |%badname |
+=========+=======+===========+===========+============+=========+
|module   |1      |1          |=          |100.00      |100.00   |
+---------+-------+-----------+-----------+------------+---------+
|class    |0      |0          |=          |0           |0        |
+---------+-------+-----------+-----------+------------+---------+
|method   |0      |0          |=          |0           |0        |
+---------+-------+-----------+-----------+------------+---------+
|function |5      |5          |=          |100.00      |0.00     |
+---------+-------+-----------+-----------+------------+---------+



 
 
Processing rcs-filter-smudge.py
 
No config file found, using default configuration
************* Module rcs-filter-smudge
C:  1, 0: Invalid module name "rcs-filter-smudge" (invalid-name)
R:251, 0: Too many local variables (29/15) (too-many-locals)
R:251, 0: Too many statements (74/50) (too-many-statements)


Report
======
195 statements analysed.

Duplication
-----------

+-------------------------+------+---------+-----------+
|                         |now   |previous |difference |
+=========================+======+=========+===========+
|nb duplicated lines      |0     |0        |=          |
+-------------------------+------+---------+-----------+
|percent duplicated lines |0.000 |0.000    |=          |
+-------------------------+------+---------+-----------+



Messages by category
--------------------

+-----------+-------+---------+-----------+
|type       |number |previous |difference |
+===========+=======+=========+===========+
|convention |1      |1        |=          |
+-----------+-------+---------+-----------+
|refactor   |2      |2        |=          |
+-----------+-------+---------+-----------+
|warning    |0      |0        |=          |
+-----------+-------+---------+-----------+
|error      |0      |0        |=          |
+-----------+-------+---------+-----------+



Messages
--------

+--------------------+------------+
|message id          |occurrences |
+====================+============+
|too-many-statements |1           |
+--------------------+------------+
|too-many-locals     |1           |
+--------------------+------------+
|invalid-name        |1           |
+--------------------+------------+



Global evaluation
-----------------
Your code has been rated at 9.85/10 (previous run: 9.85/10, +0.00)

Raw metrics
-----------

+----------+-------+------+---------+-----------+
|type      |number |%     |previous |difference |
+==========+=======+======+=========+===========+
|code      |221    |60.88 |221      |=          |
+----------+-------+------+---------+-----------+
|docstring |72     |19.83 |72       |=          |
+----------+-------+------+---------+-----------+
|comment   |44     |12.12 |44       |=          |
+----------+-------+------+---------+-----------+
|empty     |26     |7.16  |26       |=          |
+----------+-------+------+---------+-----------+



Statistics by type
------------------

+---------+-------+-----------+-----------+------------+---------+
|type     |number |old number |difference |%documented |%badname |
+=========+=======+===========+===========+============+=========+
|module   |1      |1          |=          |100.00      |100.00   |
+---------+-------+-----------+-----------+------------+---------+
|class    |0      |0          |=          |0           |0        |
+---------+-------+-----------+-----------+------------+---------+
|method   |0      |0          |=          |0           |0        |
+---------+-------+-----------+-----------+------------+---------+
|function |6      |6          |=          |100.00      |0.00     |
+---------+-------+-----------+-----------+------------+---------+



 
 
Processing rcs-post-checkout.py
 
No config file found, using default configuration
************* Module rcs-post-checkout
C:  1, 0: Invalid module name "rcs-post-checkout" (invalid-name)


Report
======
277 statements analysed.

Duplication
-----------

+-------------------------+------+---------+-----------+
|                         |now   |previous |difference |
+=========================+======+=========+===========+
|nb duplicated lines      |0     |0        |=          |
+-------------------------+------+---------+-----------+
|percent duplicated lines |0.000 |0.000    |=          |
+-------------------------+------+---------+-----------+



Messages by category
--------------------

+-----------+-------+---------+-----------+
|type       |number |previous |difference |
+===========+=======+=========+===========+
|convention |1      |1        |=          |
+-----------+-------+---------+-----------+
|refactor   |0      |0        |=          |
+-----------+-------+---------+-----------+
|warning    |0      |0        |=          |
+-----------+-------+---------+-----------+
|error      |0      |0        |=          |
+-----------+-------+---------+-----------+



Messages
--------

+-------------+------------+
|message id   |occurrences |
+=============+============+
|invalid-name |1           |
+-------------+------------+



Global evaluation
-----------------
Your code has been rated at 9.96/10 (previous run: 9.96/10, +0.00)

Raw metrics
-----------

+----------+-------+------+---------+-----------+
|type      |number |%     |previous |difference |
+==========+=======+======+=========+===========+
|code      |332    |57.04 |332      |=          |
+----------+-------+------+---------+-----------+
|docstring |146    |25.09 |146      |=          |
+----------+-------+------+---------+-----------+
|comment   |67     |11.51 |67       |=          |
+----------+-------+------+---------+-----------+
|empty     |37     |6.36  |37       |=          |
+----------+-------+------+---------+-----------+



Statistics by type
------------------

+---------+-------+-----------+-----------+------------+---------+
|type     |number |old number |difference |%documented |%badname |
+=========+=======+===========+===========+============+=========+
|module   |1      |1          |=          |100.00      |100.00   |
+---------+-------+-----------+-----------+------------+---------+
|class    |0      |0          |=          |0           |0        |
+---------+-------+-----------+-----------+------------+---------+
|method   |0      |0          |=          |0           |0        |
+---------+-------+-----------+-----------+------------+---------+
|function |13     |13         |=          |100.00      |0.00     |
+---------+-------+-----------+-----------+------------+---------+



 
 
Processing rcs-post-commit.py
 
No config file found, using default configuration
************* Module rcs-post-commit
C:  1, 0: Invalid module name "rcs-post-commit" (invalid-name)


Report
======
277 statements analysed.

Raw metrics
-----------

+----------+-------+------+---------+-----------+
|type      |number |%     |previous |difference |
+==========+=======+======+=========+===========+
|code      |328    |58.47 |328      |=          |
+----------+-------+------+---------+-----------+
|docstring |134    |23.89 |134      |=          |
+----------+-------+------+---------+-----------+
|comment   |62     |11.05 |62       |=          |
+----------+-------+------+---------+-----------+
|empty     |37     |6.60  |37       |=          |
+----------+-------+------+---------+-----------+



Messages by category
--------------------

+-----------+-------+---------+-----------+
|type       |number |previous |difference |
+===========+=======+=========+===========+
|convention |1      |1        |=          |
+-----------+-------+---------+-----------+
|refactor   |0      |0        |=          |
+-----------+-------+---------+-----------+
|warning    |0      |0        |=          |
+-----------+-------+---------+-----------+
|error      |0      |0        |=          |
+-----------+-------+---------+-----------+



Messages
--------

+-------------+------------+
|message id   |occurrences |
+=============+============+
|invalid-name |1           |
+-------------+------------+



Global evaluation
-----------------
Your code has been rated at 9.96/10 (previous run: 9.96/10, +0.00)

Duplication
-----------

+-------------------------+------+---------+-----------+
|                         |now   |previous |difference |
+=========================+======+=========+===========+
|nb duplicated lines      |0     |0        |=          |
+-------------------------+------+---------+-----------+
|percent duplicated lines |0.000 |0.000    |=          |
+-------------------------+------+---------+-----------+



Statistics by type
------------------

+---------+-------+-----------+-----------+------------+---------+
|type     |number |old number |difference |%documented |%badname |
+=========+=======+===========+===========+============+=========+
|module   |1      |1          |=          |100.00      |100.00   |
+---------+-------+-----------+-----------+------------+---------+
|class    |0      |0          |=          |0           |0        |
+---------+-------+-----------+-----------+------------+---------+
|method   |0      |0          |=          |0           |0        |
+---------+-------+-----------+-----------+------------+---------+
|function |13     |13         |=          |100.00      |0.00     |
+---------+-------+-----------+-----------+------------+---------+



 
 
Processing rcs-post-merge.py
 
No config file found, using default configuration
************* Module rcs-post-merge
C:  1, 0: Invalid module name "rcs-post-merge" (invalid-name)


Report
======
274 statements analysed.

Raw metrics
-----------

+----------+-------+------+---------+-----------+
|type      |number |%     |previous |difference |
+==========+=======+======+=========+===========+
|code      |326    |58.63 |326      |=          |
+----------+-------+------+---------+-----------+
|docstring |134    |24.10 |134      |=          |
+----------+-------+------+---------+-----------+
|comment   |62     |11.15 |62       |=          |
+----------+-------+------+---------+-----------+
|empty     |34     |6.12  |34       |=          |
+----------+-------+------+---------+-----------+



Messages by category
--------------------

+-----------+-------+---------+-----------+
|type       |number |previous |difference |
+===========+=======+=========+===========+
|convention |1      |1        |=          |
+-----------+-------+---------+-----------+
|refactor   |0      |0        |=          |
+-----------+-------+---------+-----------+
|warning    |0      |0        |=          |
+-----------+-------+---------+-----------+
|error      |0      |0        |=          |
+-----------+-------+---------+-----------+



Messages
--------

+-------------+------------+
|message id   |occurrences |
+=============+============+
|invalid-name |1           |
+-------------+------------+



Global evaluation
-----------------
Your code has been rated at 9.96/10 (previous run: 9.96/10, +0.00)

Duplication
-----------

+-------------------------+------+---------+-----------+
|                         |now   |previous |difference |
+=========================+======+=========+===========+
|nb duplicated lines      |0     |0        |=          |
+-------------------------+------+---------+-----------+
|percent duplicated lines |0.000 |0.000    |=          |
+-------------------------+------+---------+-----------+



Statistics by type
------------------

+---------+-------+-----------+-----------+------------+---------+
|type     |number |old number |difference |%documented |%badname |
+=========+=======+===========+===========+============+=========+
|module   |1      |1          |=          |100.00      |100.00   |
+---------+-------+-----------+-----------+------------+---------+
|class    |0      |0          |=          |0           |0        |
+---------+-------+-----------+-----------+------------+---------+
|method   |0      |0          |=          |0           |0        |
+---------+-------+-----------+-----------+------------+---------+
|function |13     |13         |=          |100.00      |0.00     |
+---------+-------+-----------+-----------+------------+---------+



 
 
